<?xml version="1.0" encoding="UTF-8"?>
<!-- Generated by org.testng.reporters.JUnitReportReporter -->
<testsuite hostname="QSP" failures="0" tests="1" name="scipts.Testcase3" time="21.698" errors="0" timestamp="2022-07-11T08:41:49 IST" skipped="0">
  <testcase classname="scipts.Testcase3" name="tc3" time="21.698"/>
</testsuite> <!-- scipts.Testcase3 -->
