<?xml version="1.0" encoding="UTF-8"?>
<!-- Generated by org.testng.reporters.JUnitReportReporter -->
<testsuite hostname="QSP" failures="0" tests="1" name="scipts.Testcase1" time="12.226" errors="0" timestamp="2022-07-11T08:41:49 IST" skipped="0">
  <testcase classname="scipts.Testcase1" name="tc1" time="12.226"/>
</testsuite> <!-- scipts.Testcase1 -->
