<?xml version="1.0" encoding="UTF-8"?>
<!-- Generated by org.testng.reporters.JUnitReportReporter -->
<testsuite hostname="QSP" failures="0" tests="1" name="scipts.Testcase2" time="108.506" errors="0" timestamp="2022-07-11T08:41:49 IST" skipped="0">
  <testcase classname="scipts.Testcase2" name="tc2" time="108.506"/>
</testsuite> <!-- scipts.Testcase2 -->
